2021-08-29 19:46:44,238 [Worker-2: Loading available Gradle versions] INFO  o.e.b.c.i.u.g.PublishedGradleVersions - Gradle version information cache is up-to-date. Trying to read.
2021-08-29 19:52:52,245 [Worker-6: Import Getting Started Content] INFO  o.e.m.c.i.l.LifecycleMappingFactory - Using org.eclipse.m2e.jdt.JarLifecycleMapping lifecycle mapping for MavenProject: com.assignment2_advance_web_dev:springboot-backend:0.0.1-SNAPSHOT @ D:\sts-4.11.0.RELEASE\springbootprojects\Advance web development assignment 2\demo\pom.xml.
2021-08-29 19:53:29,405 [Worker-6: Import Getting Started Content] INFO  o.e.m.j.i.AbstractJavaProjectConfigurator - Adding source folder /demo/src/main/java
2021-08-29 19:53:29,409 [Worker-6: Import Getting Started Content] INFO  o.e.m.j.i.AbstractJavaProjectConfigurator - Adding resource folder /demo/src/main/resources
2021-08-29 19:53:29,450 [Worker-6: Import Getting Started Content] INFO  o.e.m.j.i.AbstractJavaProjectConfigurator - Adding resource folder /demo/src/main/resources
2021-08-29 19:53:29,535 [Worker-6: Import Getting Started Content] INFO  o.e.m.j.i.AbstractJavaProjectConfigurator - Adding source folder /demo/src/test/java
2021-08-29 19:53:41,604 [Worker-6: Import Getting Started Content] INFO  o.e.m.c.i.p.ProjectConfigurationManager - Imported and configured 1 project(s) in 81 sec
2021-08-29 19:53:41,632 [Worker-6: Import Getting Started Content] INFO  o.e.m.c.i.p.ProjectConfigurationManager - Update started
2021-08-29 19:53:45,490 [Worker-6: Import Getting Started Content] INFO  o.e.m.c.i.l.LifecycleMappingFactory - Using org.eclipse.m2e.jdt.JarLifecycleMapping lifecycle mapping for MavenProject: com.assignment2_advance_web_dev:springboot-backend:0.0.1-SNAPSHOT @ D:\sts-4.11.0.RELEASE\springbootprojects\Advance web development assignment 2\demo\pom.xml.
2021-08-29 19:53:49,348 [Worker-6: Import Getting Started Content] INFO  o.e.m.j.i.AbstractJavaProjectConfigurator - Adding source folder /demo/src/main/java
2021-08-29 19:53:49,351 [Worker-6: Import Getting Started Content] INFO  o.e.m.j.i.AbstractJavaProjectConfigurator - Adding resource folder /demo/src/main/resources
2021-08-29 19:53:49,354 [Worker-6: Import Getting Started Content] INFO  o.e.m.j.i.AbstractJavaProjectConfigurator - Adding resource folder /demo/src/main/resources
2021-08-29 19:53:49,357 [Worker-6: Import Getting Started Content] INFO  o.e.m.j.i.AbstractJavaProjectConfigurator - Adding source folder /demo/src/test/java
2021-08-29 19:53:53,763 [Worker-6: Import Getting Started Content] INFO  o.e.m.c.i.p.ProjectConfigurationManager - Update completed: 12 sec
2021-08-29 19:53:58,040 [Worker-12: Building] INFO  o.e.m.c.i.embedder.EclipseLogger - Using 'UTF-8' encoding to copy filtered resources.
2021-08-29 19:53:58,041 [Worker-12: Building] INFO  o.e.m.c.i.embedder.EclipseLogger - Using 'UTF-8' encoding to copy filtered properties files.
2021-08-29 19:53:58,067 [Worker-12: Building] INFO  o.e.m.c.i.embedder.EclipseLogger - Copying 1 resource
2021-08-29 19:53:58,159 [Worker-12: Building] INFO  o.e.m.c.i.embedder.EclipseLogger - Copying 0 resource
2021-08-29 19:53:58,174 [Worker-12: Building] INFO  o.e.m.c.i.embedder.EclipseLogger - Using 'UTF-8' encoding to copy filtered resources.
2021-08-29 19:53:58,174 [Worker-12: Building] INFO  o.e.m.c.i.embedder.EclipseLogger - Using 'UTF-8' encoding to copy filtered properties files.
2021-08-29 19:53:58,175 [Worker-12: Building] INFO  o.e.m.c.i.embedder.EclipseLogger - skip non existing resourceDirectory D:\sts-4.11.0.RELEASE\springbootprojects\Advance web development assignment 2\demo\src\test\resources
2021-08-29 21:44:50,624 [Worker-17: Building] INFO  o.e.m.c.i.l.LifecycleMappingFactory - Using org.eclipse.m2e.jdt.JarLifecycleMapping lifecycle mapping for MavenProject: com.assignment2_advance_web_dev:springboot-backend:0.0.1-SNAPSHOT @ D:\sts-4.11.0.RELEASE\springbootprojects\Advance web development assignment 2\springboot_backend\pom.xml.
2021-08-29 21:44:57,124 [Worker-17: Building] INFO  o.e.m.c.i.embedder.EclipseLogger - Using 'UTF-8' encoding to copy filtered resources.
2021-08-29 21:44:57,125 [Worker-17: Building] INFO  o.e.m.c.i.embedder.EclipseLogger - Using 'UTF-8' encoding to copy filtered properties files.
2021-08-29 21:44:57,129 [Worker-17: Building] INFO  o.e.m.c.i.embedder.EclipseLogger - Copying 1 resource
2021-08-29 21:44:57,217 [Worker-17: Building] INFO  o.e.m.c.i.embedder.EclipseLogger - Copying 0 resource
2021-08-29 21:44:57,235 [Worker-17: Building] INFO  o.e.m.c.i.embedder.EclipseLogger - Using 'UTF-8' encoding to copy filtered resources.
2021-08-29 21:44:57,236 [Worker-17: Building] INFO  o.e.m.c.i.embedder.EclipseLogger - Using 'UTF-8' encoding to copy filtered properties files.
2021-08-29 21:44:57,237 [Worker-17: Building] INFO  o.e.m.c.i.embedder.EclipseLogger - skip non existing resourceDirectory D:\sts-4.11.0.RELEASE\springbootprojects\Advance web development assignment 2\springboot_backend\src\test\resources
2021-08-29 21:45:00,994 [Worker-22: Building] INFO  o.e.m.c.i.embedder.EclipseLogger - Using 'UTF-8' encoding to copy filtered resources.
2021-08-29 21:45:00,995 [Worker-22: Building] INFO  o.e.m.c.i.embedder.EclipseLogger - Using 'UTF-8' encoding to copy filtered properties files.
2021-08-29 21:45:01,018 [Worker-22: Building] INFO  o.e.m.c.i.embedder.EclipseLogger - Copying 1 resource
2021-08-29 21:45:01,029 [Worker-22: Building] INFO  o.e.m.c.i.embedder.EclipseLogger - Copying 0 resource
2021-08-29 21:45:01,039 [Worker-22: Building] INFO  o.e.m.c.i.embedder.EclipseLogger - Using 'UTF-8' encoding to copy filtered resources.
2021-08-29 21:45:01,040 [Worker-22: Building] INFO  o.e.m.c.i.embedder.EclipseLogger - Using 'UTF-8' encoding to copy filtered properties files.
2021-08-29 21:45:01,041 [Worker-22: Building] INFO  o.e.m.c.i.embedder.EclipseLogger - skip non existing resourceDirectory D:\sts-4.11.0.RELEASE\springbootprojects\Advance web development assignment 2\springboot_backend\src\test\resources
2021-08-29 21:52:05,950 [Worker-17: Building] INFO  o.e.m.c.i.embedder.EclipseLogger - Using 'UTF-8' encoding to copy filtered resources.
2021-08-29 21:52:05,952 [Worker-17: Building] INFO  o.e.m.c.i.embedder.EclipseLogger - Using 'UTF-8' encoding to copy filtered properties files.
2021-08-29 21:52:05,960 [Worker-17: Building] INFO  o.e.m.c.i.embedder.EclipseLogger - Copying 1 resource
2021-08-29 21:52:06,026 [Worker-17: Building] INFO  o.e.m.c.i.embedder.EclipseLogger - Copying 0 resource
2021-08-29 21:52:06,044 [Worker-17: Building] INFO  o.e.m.c.i.embedder.EclipseLogger - Using 'UTF-8' encoding to copy filtered resources.
2021-08-29 21:52:06,045 [Worker-17: Building] INFO  o.e.m.c.i.embedder.EclipseLogger - Using 'UTF-8' encoding to copy filtered properties files.
2021-08-29 21:52:06,046 [Worker-17: Building] INFO  o.e.m.c.i.embedder.EclipseLogger - skip non existing resourceDirectory D:\sts-4.11.0.RELEASE\springbootprojects\Advance web development assignment 2\springboot_backend\src\test\resources
2021-08-29 21:56:09,173 [Worker-26: Building] INFO  o.e.m.c.i.embedder.EclipseLogger - Using 'UTF-8' encoding to copy filtered resources.
2021-08-29 21:56:09,174 [Worker-26: Building] INFO  o.e.m.c.i.embedder.EclipseLogger - Using 'UTF-8' encoding to copy filtered properties files.
2021-08-29 21:56:09,179 [Worker-26: Building] INFO  o.e.m.c.i.embedder.EclipseLogger - Copying 1 resource
2021-08-29 21:56:09,234 [Worker-26: Building] INFO  o.e.m.c.i.embedder.EclipseLogger - Copying 0 resource
2021-08-29 21:56:09,247 [Worker-26: Building] INFO  o.e.m.c.i.embedder.EclipseLogger - Using 'UTF-8' encoding to copy filtered resources.
2021-08-29 21:56:09,248 [Worker-26: Building] INFO  o.e.m.c.i.embedder.EclipseLogger - Using 'UTF-8' encoding to copy filtered properties files.
2021-08-29 21:56:09,249 [Worker-26: Building] INFO  o.e.m.c.i.embedder.EclipseLogger - skip non existing resourceDirectory D:\sts-4.11.0.RELEASE\springbootprojects\Advance web development assignment 2\springboot_backend\src\test\resources
2021-08-29 21:56:22,351 [Worker-28: Building] INFO  o.e.m.c.i.embedder.EclipseLogger - Using 'UTF-8' encoding to copy filtered resources.
2021-08-29 21:56:22,352 [Worker-28: Building] INFO  o.e.m.c.i.embedder.EclipseLogger - Using 'UTF-8' encoding to copy filtered properties files.
2021-08-29 21:56:22,357 [Worker-28: Building] INFO  o.e.m.c.i.embedder.EclipseLogger - Copying 1 resource
2021-08-29 21:56:22,423 [Worker-28: Building] INFO  o.e.m.c.i.embedder.EclipseLogger - Copying 0 resource
2021-08-29 21:56:22,437 [Worker-28: Building] INFO  o.e.m.c.i.embedder.EclipseLogger - Using 'UTF-8' encoding to copy filtered resources.
2021-08-29 21:56:22,437 [Worker-28: Building] INFO  o.e.m.c.i.embedder.EclipseLogger - Using 'UTF-8' encoding to copy filtered properties files.
2021-08-29 21:56:22,438 [Worker-28: Building] INFO  o.e.m.c.i.embedder.EclipseLogger - skip non existing resourceDirectory D:\sts-4.11.0.RELEASE\springbootprojects\Advance web development assignment 2\springboot_backend\src\test\resources
2021-08-29 22:01:04,407 [Worker-26: Building] INFO  o.e.m.c.i.embedder.EclipseLogger - Using 'UTF-8' encoding to copy filtered resources.
2021-08-29 22:01:04,408 [Worker-26: Building] INFO  o.e.m.c.i.embedder.EclipseLogger - Using 'UTF-8' encoding to copy filtered properties files.
2021-08-29 22:01:04,412 [Worker-26: Building] INFO  o.e.m.c.i.embedder.EclipseLogger - Copying 1 resource
2021-08-29 22:01:04,474 [Worker-26: Building] INFO  o.e.m.c.i.embedder.EclipseLogger - Copying 0 resource
2021-08-29 22:01:04,486 [Worker-26: Building] INFO  o.e.m.c.i.embedder.EclipseLogger - Using 'UTF-8' encoding to copy filtered resources.
2021-08-29 22:01:04,487 [Worker-26: Building] INFO  o.e.m.c.i.embedder.EclipseLogger - Using 'UTF-8' encoding to copy filtered properties files.
2021-08-29 22:01:04,488 [Worker-26: Building] INFO  o.e.m.c.i.embedder.EclipseLogger - skip non existing resourceDirectory D:\sts-4.11.0.RELEASE\springbootprojects\Advance web development assignment 2\springboot_backend\src\test\resources
2021-08-29 22:02:49,354 [Worker-31: Building] INFO  o.e.m.c.i.embedder.EclipseLogger - Using 'UTF-8' encoding to copy filtered resources.
2021-08-29 22:02:49,358 [Worker-31: Building] INFO  o.e.m.c.i.embedder.EclipseLogger - Using 'UTF-8' encoding to copy filtered properties files.
2021-08-29 22:02:49,368 [Worker-31: Building] INFO  o.e.m.c.i.embedder.EclipseLogger - Copying 1 resource
2021-08-29 22:02:49,408 [Worker-31: Building] INFO  o.e.m.c.i.embedder.EclipseLogger - Copying 0 resource
2021-08-29 22:02:49,424 [Worker-31: Building] INFO  o.e.m.c.i.embedder.EclipseLogger - Using 'UTF-8' encoding to copy filtered resources.
2021-08-29 22:02:49,425 [Worker-31: Building] INFO  o.e.m.c.i.embedder.EclipseLogger - Using 'UTF-8' encoding to copy filtered properties files.
2021-08-29 22:02:49,425 [Worker-31: Building] INFO  o.e.m.c.i.embedder.EclipseLogger - skip non existing resourceDirectory D:\sts-4.11.0.RELEASE\springbootprojects\Advance web development assignment 2\springboot_backend\src\test\resources
2021-08-29 22:38:45,146 [Worker-34: Building] INFO  o.e.m.c.i.embedder.EclipseLogger - Using 'UTF-8' encoding to copy filtered resources.
2021-08-29 22:38:45,149 [Worker-34: Building] INFO  o.e.m.c.i.embedder.EclipseLogger - Using 'UTF-8' encoding to copy filtered properties files.
2021-08-29 22:38:45,154 [Worker-34: Building] INFO  o.e.m.c.i.embedder.EclipseLogger - Copying 1 resource
2021-08-29 22:38:45,318 [Worker-34: Building] INFO  o.e.m.c.i.embedder.EclipseLogger - Copying 0 resource
2021-08-29 22:38:45,329 [Worker-34: Building] INFO  o.e.m.c.i.embedder.EclipseLogger - Using 'UTF-8' encoding to copy filtered resources.
2021-08-29 22:38:45,329 [Worker-34: Building] INFO  o.e.m.c.i.embedder.EclipseLogger - Using 'UTF-8' encoding to copy filtered properties files.
2021-08-29 22:38:45,330 [Worker-34: Building] INFO  o.e.m.c.i.embedder.EclipseLogger - skip non existing resourceDirectory D:\sts-4.11.0.RELEASE\springbootprojects\Advance web development assignment 2\springboot_backend\src\test\resources
2021-08-29 22:38:46,707 [Worker-36: Building] INFO  o.e.m.c.i.embedder.EclipseLogger - Using 'UTF-8' encoding to copy filtered resources.
2021-08-29 22:38:46,708 [Worker-36: Building] INFO  o.e.m.c.i.embedder.EclipseLogger - Using 'UTF-8' encoding to copy filtered properties files.
2021-08-29 22:38:46,709 [Worker-36: Building] INFO  o.e.m.c.i.embedder.EclipseLogger - Copying 0 resource
2021-08-29 22:38:46,710 [Worker-36: Building] INFO  o.e.m.c.i.embedder.EclipseLogger - Copying 0 resource
2021-08-29 22:38:46,721 [Worker-36: Building] INFO  o.e.m.c.i.embedder.EclipseLogger - Using 'UTF-8' encoding to copy filtered resources.
2021-08-29 22:38:46,722 [Worker-36: Building] INFO  o.e.m.c.i.embedder.EclipseLogger - Using 'UTF-8' encoding to copy filtered properties files.
2021-08-29 22:38:46,723 [Worker-36: Building] INFO  o.e.m.c.i.embedder.EclipseLogger - skip non existing resourceDirectory D:\sts-4.11.0.RELEASE\springbootprojects\Advance web development assignment 2\springboot_backend\src\test\resources
2021-08-29 22:43:47,682 [Worker-38: Updating Maven Project] INFO  o.e.m.c.i.p.ProjectConfigurationManager - Update started
2021-08-29 22:43:50,379 [Worker-38: Updating Maven Project] INFO  o.e.m.c.i.l.LifecycleMappingFactory - Using org.eclipse.m2e.jdt.JarLifecycleMapping lifecycle mapping for MavenProject: com.assignment2_advance_web_dev:springboot-backend:0.0.1-SNAPSHOT @ D:\sts-4.11.0.RELEASE\springbootprojects\Advance web development assignment 2\springboot_backend\pom.xml.
2021-08-29 22:43:53,957 [Worker-38: Updating Maven Project] INFO  o.e.m.j.i.AbstractJavaProjectConfigurator - Adding source folder /springboot_backend/src/main/java
2021-08-29 22:43:53,959 [Worker-38: Updating Maven Project] INFO  o.e.m.j.i.AbstractJavaProjectConfigurator - Adding resource folder /springboot_backend/src/main/resources
2021-08-29 22:43:53,961 [Worker-38: Updating Maven Project] INFO  o.e.m.j.i.AbstractJavaProjectConfigurator - Adding resource folder /springboot_backend/src/main/resources
2021-08-29 22:43:53,965 [Worker-38: Updating Maven Project] INFO  o.e.m.j.i.AbstractJavaProjectConfigurator - Adding source folder /springboot_backend/src/test/java
2021-08-29 22:43:56,313 [Worker-38: Updating Maven Project] INFO  o.e.m.c.i.p.ProjectConfigurationManager - Update completed: 8 sec
2021-08-29 22:43:59,302 [Worker-36: Building] INFO  o.e.m.c.i.embedder.EclipseLogger - Using 'UTF-8' encoding to copy filtered resources.
2021-08-29 22:43:59,303 [Worker-36: Building] INFO  o.e.m.c.i.embedder.EclipseLogger - Using 'UTF-8' encoding to copy filtered properties files.
2021-08-29 22:43:59,306 [Worker-36: Building] INFO  o.e.m.c.i.embedder.EclipseLogger - Copying 1 resource
2021-08-29 22:43:59,400 [Worker-36: Building] INFO  o.e.m.c.i.embedder.EclipseLogger - Copying 0 resource
2021-08-29 22:43:59,414 [Worker-36: Building] INFO  o.e.m.c.i.embedder.EclipseLogger - Using 'UTF-8' encoding to copy filtered resources.
2021-08-29 22:43:59,415 [Worker-36: Building] INFO  o.e.m.c.i.embedder.EclipseLogger - Using 'UTF-8' encoding to copy filtered properties files.
2021-08-29 22:43:59,416 [Worker-36: Building] INFO  o.e.m.c.i.embedder.EclipseLogger - skip non existing resourceDirectory D:\sts-4.11.0.RELEASE\springbootprojects\Advance web development assignment 2\springboot_backend\src\test\resources
2021-08-29 22:49:56,347 [Worker-36: Launching Executing generate-sources in D__sts-4.11.0.RELEASE_springbootprojects_Advance web development assignment 2_springboot_backend] INFO  o.e.m.i.launch.MavenLaunchDelegate - D:\sts-4.11.0.RELEASE\springbootprojects\Advance web development assignment 2\springboot_backend
2021-08-29 22:49:56,352 [Worker-36: Launching Executing generate-sources in D__sts-4.11.0.RELEASE_springbootprojects_Advance web development assignment 2_springboot_backend] INFO  o.e.m.i.launch.MavenLaunchDelegate -  mvn -Ppom.xml -B generate-sources -Dstyle.color=always
2021-08-29 22:50:12,022 [Worker-46: Launching Executing install in D__sts-4.11.0.RELEASE_springbootprojects_Advance web development assignment 2_springboot_backend] INFO  o.e.m.i.launch.MavenLaunchDelegate - D:\sts-4.11.0.RELEASE\springbootprojects\Advance web development assignment 2\springboot_backend
2021-08-29 22:50:12,024 [Worker-46: Launching Executing install in D__sts-4.11.0.RELEASE_springbootprojects_Advance web development assignment 2_springboot_backend] INFO  o.e.m.i.launch.MavenLaunchDelegate -  mvn -Ppom.xml -B install -Dstyle.color=always
2021-08-29 22:53:45,577 [Worker-36: Updating Maven Project] INFO  o.e.m.c.i.p.ProjectConfigurationManager - Update started
2021-08-29 22:53:48,767 [Worker-36: Updating Maven Project] INFO  o.e.m.c.i.l.LifecycleMappingFactory - Using org.eclipse.m2e.jdt.JarLifecycleMapping lifecycle mapping for MavenProject: com.assignment2_advance_web_dev:springboot-backend:0.0.1-SNAPSHOT @ D:\sts-4.11.0.RELEASE\springbootprojects\Advance web development assignment 2\springboot_backend\pom.xml.
2021-08-29 22:53:52,026 [Worker-36: Updating Maven Project] INFO  o.e.m.j.i.AbstractJavaProjectConfigurator - Adding source folder /springboot_backend/src/main/java
2021-08-29 22:53:52,027 [Worker-36: Updating Maven Project] INFO  o.e.m.j.i.AbstractJavaProjectConfigurator - Adding resource folder /springboot_backend/src/main/resources
2021-08-29 22:53:52,029 [Worker-36: Updating Maven Project] INFO  o.e.m.j.i.AbstractJavaProjectConfigurator - Adding resource folder /springboot_backend/src/main/resources
2021-08-29 22:53:52,033 [Worker-36: Updating Maven Project] INFO  o.e.m.j.i.AbstractJavaProjectConfigurator - Adding source folder /springboot_backend/src/test/java
2021-08-29 22:53:55,239 [Worker-36: Updating Maven Project] INFO  o.e.m.c.i.p.ProjectConfigurationManager - Update completed: 9 sec
2021-08-29 22:53:58,075 [Worker-44: Building] INFO  o.e.m.c.i.embedder.EclipseLogger - Using 'UTF-8' encoding to copy filtered resources.
2021-08-29 22:53:58,076 [Worker-44: Building] INFO  o.e.m.c.i.embedder.EclipseLogger - Using 'UTF-8' encoding to copy filtered properties files.
2021-08-29 22:53:58,079 [Worker-44: Building] INFO  o.e.m.c.i.embedder.EclipseLogger - Copying 1 resource
2021-08-29 22:53:58,191 [Worker-44: Building] INFO  o.e.m.c.i.embedder.EclipseLogger - Copying 0 resource
2021-08-29 22:53:58,207 [Worker-44: Building] INFO  o.e.m.c.i.embedder.EclipseLogger - Using 'UTF-8' encoding to copy filtered resources.
2021-08-29 22:53:58,207 [Worker-44: Building] INFO  o.e.m.c.i.embedder.EclipseLogger - Using 'UTF-8' encoding to copy filtered properties files.
2021-08-29 22:53:58,278 [Worker-44: Building] INFO  o.e.m.c.i.embedder.EclipseLogger - skip non existing resourceDirectory D:\sts-4.11.0.RELEASE\springbootprojects\Advance web development assignment 2\springboot_backend\src\test\resources
2021-08-29 22:55:10,001 [Worker-48: Launching Executing install in D__sts-4.11.0.RELEASE_springbootprojects_Advance web development assignment 2_springboot_backend] INFO  o.e.m.i.launch.MavenLaunchDelegate - D:\sts-4.11.0.RELEASE\springbootprojects\Advance web development assignment 2\springboot_backend
2021-08-29 22:55:10,002 [Worker-48: Launching Executing install in D__sts-4.11.0.RELEASE_springbootprojects_Advance web development assignment 2_springboot_backend] INFO  o.e.m.i.launch.MavenLaunchDelegate -  mvn -Ppom.xml -B install -Dstyle.color=always
2021-08-29 22:55:15,090 [Worker-44: Launching Executing install in D__sts-4.11.0.RELEASE_springbootprojects_Advance web development assignment 2_springboot_backend] INFO  o.e.m.i.launch.MavenLaunchDelegate - D:\sts-4.11.0.RELEASE\springbootprojects\Advance web development assignment 2\springboot_backend
2021-08-29 22:55:15,091 [Worker-44: Launching Executing install in D__sts-4.11.0.RELEASE_springbootprojects_Advance web development assignment 2_springboot_backend] INFO  o.e.m.i.launch.MavenLaunchDelegate -  mvn -Ppom.xml -B install -Dstyle.color=always
2021-08-29 22:57:20,511 [Worker-4: Loading available Gradle versions] INFO  o.e.b.c.i.u.g.PublishedGradleVersions - Gradle version information cache is up-to-date. Trying to read.
2021-08-29 22:57:22,818 [Worker-0: Building] INFO  o.e.m.c.i.embedder.EclipseLogger - Using 'UTF-8' encoding to copy filtered resources.
2021-08-29 22:57:22,819 [Worker-0: Building] INFO  o.e.m.c.i.embedder.EclipseLogger - Using 'UTF-8' encoding to copy filtered properties files.
2021-08-29 22:57:22,823 [Worker-0: Building] INFO  o.e.m.c.i.embedder.EclipseLogger - Copying 1 resource
2021-08-29 22:57:22,838 [Worker-0: Building] INFO  o.e.m.c.i.embedder.EclipseLogger - Copying 0 resource
2021-08-29 22:57:22,842 [Worker-0: Building] INFO  o.e.m.c.i.embedder.EclipseLogger - Using 'UTF-8' encoding to copy filtered resources.
2021-08-29 22:57:22,843 [Worker-0: Building] INFO  o.e.m.c.i.embedder.EclipseLogger - Using 'UTF-8' encoding to copy filtered properties files.
2021-08-29 22:57:22,843 [Worker-0: Building] INFO  o.e.m.c.i.embedder.EclipseLogger - skip non existing resourceDirectory D:\sts-4.11.0.RELEASE\springbootprojects\Advance web development assignment 2\springboot_backend\src\test\resources
2021-08-29 23:03:25,490 [Worker-1: Building] INFO  o.e.m.c.i.embedder.EclipseLogger - Using 'UTF-8' encoding to copy filtered resources.
2021-08-29 23:03:25,499 [Worker-1: Building] INFO  o.e.m.c.i.embedder.EclipseLogger - Using 'UTF-8' encoding to copy filtered properties files.
2021-08-29 23:03:25,534 [Worker-1: Building] INFO  o.e.m.c.i.embedder.EclipseLogger - Copying 1 resource
2021-08-29 23:03:25,603 [Worker-1: Building] INFO  o.e.m.c.i.embedder.EclipseLogger - Copying 0 resource
2021-08-29 23:03:25,624 [Worker-1: Building] INFO  o.e.m.c.i.embedder.EclipseLogger - Using 'UTF-8' encoding to copy filtered resources.
2021-08-29 23:03:25,625 [Worker-1: Building] INFO  o.e.m.c.i.embedder.EclipseLogger - Using 'UTF-8' encoding to copy filtered properties files.
2021-08-29 23:03:25,626 [Worker-1: Building] INFO  o.e.m.c.i.embedder.EclipseLogger - skip non existing resourceDirectory D:\sts-4.11.0.RELEASE\springbootprojects\Advance web development assignment 2\springboot_backend\src\test\resources
2021-08-29 23:11:01,731 [Worker-12: Building] INFO  o.e.m.c.i.embedder.EclipseLogger - Using 'UTF-8' encoding to copy filtered resources.
2021-08-29 23:11:01,733 [Worker-12: Building] INFO  o.e.m.c.i.embedder.EclipseLogger - Using 'UTF-8' encoding to copy filtered properties files.
2021-08-29 23:11:01,738 [Worker-12: Building] INFO  o.e.m.c.i.embedder.EclipseLogger - Copying 1 resource
2021-08-29 23:11:01,800 [Worker-12: Building] INFO  o.e.m.c.i.embedder.EclipseLogger - Copying 0 resource
2021-08-29 23:11:01,816 [Worker-12: Building] INFO  o.e.m.c.i.embedder.EclipseLogger - Using 'UTF-8' encoding to copy filtered resources.
2021-08-29 23:11:01,817 [Worker-12: Building] INFO  o.e.m.c.i.embedder.EclipseLogger - Using 'UTF-8' encoding to copy filtered properties files.
2021-08-29 23:11:01,818 [Worker-12: Building] INFO  o.e.m.c.i.embedder.EclipseLogger - skip non existing resourceDirectory D:\sts-4.11.0.RELEASE\springbootprojects\Advance web development assignment 2\springboot_backend\src\test\resources
2021-08-29 23:13:09,316 [Worker-12: Building] INFO  o.e.m.c.i.embedder.EclipseLogger - Using 'UTF-8' encoding to copy filtered resources.
2021-08-29 23:13:09,317 [Worker-12: Building] INFO  o.e.m.c.i.embedder.EclipseLogger - Using 'UTF-8' encoding to copy filtered properties files.
2021-08-29 23:13:09,323 [Worker-12: Building] INFO  o.e.m.c.i.embedder.EclipseLogger - Copying 1 resource
2021-08-29 23:13:09,359 [Worker-12: Building] INFO  o.e.m.c.i.embedder.EclipseLogger - Copying 0 resource
2021-08-29 23:13:09,377 [Worker-12: Building] INFO  o.e.m.c.i.embedder.EclipseLogger - Using 'UTF-8' encoding to copy filtered resources.
2021-08-29 23:13:09,378 [Worker-12: Building] INFO  o.e.m.c.i.embedder.EclipseLogger - Using 'UTF-8' encoding to copy filtered properties files.
2021-08-29 23:13:09,379 [Worker-12: Building] INFO  o.e.m.c.i.embedder.EclipseLogger - skip non existing resourceDirectory D:\sts-4.11.0.RELEASE\springbootprojects\Advance web development assignment 2\springboot_backend\src\test\resources
2021-08-29 23:13:34,235 [Worker-12: Building] INFO  o.e.m.c.i.embedder.EclipseLogger - Using 'UTF-8' encoding to copy filtered resources.
2021-08-29 23:13:34,237 [Worker-12: Building] INFO  o.e.m.c.i.embedder.EclipseLogger - Using 'UTF-8' encoding to copy filtered properties files.
2021-08-29 23:13:34,245 [Worker-12: Building] INFO  o.e.m.c.i.embedder.EclipseLogger - Copying 1 resource
2021-08-29 23:13:34,281 [Worker-12: Building] INFO  o.e.m.c.i.embedder.EclipseLogger - Copying 0 resource
2021-08-29 23:13:34,297 [Worker-12: Building] INFO  o.e.m.c.i.embedder.EclipseLogger - Using 'UTF-8' encoding to copy filtered resources.
2021-08-29 23:13:34,298 [Worker-12: Building] INFO  o.e.m.c.i.embedder.EclipseLogger - Using 'UTF-8' encoding to copy filtered properties files.
2021-08-29 23:13:34,299 [Worker-12: Building] INFO  o.e.m.c.i.embedder.EclipseLogger - skip non existing resourceDirectory D:\sts-4.11.0.RELEASE\springbootprojects\Advance web development assignment 2\springboot_backend\src\test\resources
2021-08-29 23:17:47,268 [Worker-12: Building] INFO  o.e.m.c.i.embedder.EclipseLogger - Using 'UTF-8' encoding to copy filtered resources.
2021-08-29 23:17:47,270 [Worker-12: Building] INFO  o.e.m.c.i.embedder.EclipseLogger - Using 'UTF-8' encoding to copy filtered properties files.
2021-08-29 23:17:47,275 [Worker-12: Building] INFO  o.e.m.c.i.embedder.EclipseLogger - Copying 1 resource
2021-08-29 23:17:47,304 [Worker-12: Building] INFO  o.e.m.c.i.embedder.EclipseLogger - Copying 0 resource
2021-08-29 23:17:47,318 [Worker-12: Building] INFO  o.e.m.c.i.embedder.EclipseLogger - Using 'UTF-8' encoding to copy filtered resources.
2021-08-29 23:17:47,319 [Worker-12: Building] INFO  o.e.m.c.i.embedder.EclipseLogger - Using 'UTF-8' encoding to copy filtered properties files.
2021-08-29 23:17:47,320 [Worker-12: Building] INFO  o.e.m.c.i.embedder.EclipseLogger - skip non existing resourceDirectory D:\sts-4.11.0.RELEASE\springbootprojects\Advance web development assignment 2\springboot_backend\src\test\resources
2021-08-29 23:18:05,171 [Worker-16: Building] INFO  o.e.m.c.i.embedder.EclipseLogger - Using 'UTF-8' encoding to copy filtered resources.
2021-08-29 23:18:05,173 [Worker-16: Building] INFO  o.e.m.c.i.embedder.EclipseLogger - Using 'UTF-8' encoding to copy filtered properties files.
2021-08-29 23:18:05,194 [Worker-16: Building] INFO  o.e.m.c.i.embedder.EclipseLogger - Copying 1 resource
2021-08-29 23:18:05,222 [Worker-16: Building] INFO  o.e.m.c.i.embedder.EclipseLogger - Copying 0 resource
2021-08-29 23:18:05,239 [Worker-16: Building] INFO  o.e.m.c.i.embedder.EclipseLogger - Using 'UTF-8' encoding to copy filtered resources.
2021-08-29 23:18:05,242 [Worker-16: Building] INFO  o.e.m.c.i.embedder.EclipseLogger - Using 'UTF-8' encoding to copy filtered properties files.
2021-08-29 23:18:05,243 [Worker-16: Building] INFO  o.e.m.c.i.embedder.EclipseLogger - skip non existing resourceDirectory D:\sts-4.11.0.RELEASE\springbootprojects\Advance web development assignment 2\springboot_backend\src\test\resources
2021-08-29 23:20:12,905 [Worker-16: Building] INFO  o.e.m.c.i.embedder.EclipseLogger - Using 'UTF-8' encoding to copy filtered resources.
2021-08-29 23:20:12,905 [Worker-16: Building] INFO  o.e.m.c.i.embedder.EclipseLogger - Using 'UTF-8' encoding to copy filtered properties files.
2021-08-29 23:20:12,908 [Worker-16: Building] INFO  o.e.m.c.i.embedder.EclipseLogger - Copying 1 resource
2021-08-29 23:20:12,962 [Worker-16: Building] INFO  o.e.m.c.i.embedder.EclipseLogger - Copying 0 resource
2021-08-29 23:20:12,987 [Worker-16: Building] INFO  o.e.m.c.i.embedder.EclipseLogger - Using 'UTF-8' encoding to copy filtered resources.
2021-08-29 23:20:12,988 [Worker-16: Building] INFO  o.e.m.c.i.embedder.EclipseLogger - Using 'UTF-8' encoding to copy filtered properties files.
2021-08-29 23:20:12,989 [Worker-16: Building] INFO  o.e.m.c.i.embedder.EclipseLogger - skip non existing resourceDirectory D:\sts-4.11.0.RELEASE\springbootprojects\Advance web development assignment 2\springboot_backend\src\test\resources
2021-08-29 23:24:00,776 [Worker-12: Building] INFO  o.e.m.c.i.embedder.EclipseLogger - Using 'UTF-8' encoding to copy filtered resources.
2021-08-29 23:24:00,777 [Worker-12: Building] INFO  o.e.m.c.i.embedder.EclipseLogger - Using 'UTF-8' encoding to copy filtered properties files.
2021-08-29 23:24:00,789 [Worker-12: Building] INFO  o.e.m.c.i.embedder.EclipseLogger - Copying 1 resource
2021-08-29 23:24:00,817 [Worker-12: Building] INFO  o.e.m.c.i.embedder.EclipseLogger - Copying 0 resource
2021-08-29 23:24:00,836 [Worker-12: Building] INFO  o.e.m.c.i.embedder.EclipseLogger - Using 'UTF-8' encoding to copy filtered resources.
2021-08-29 23:24:00,837 [Worker-12: Building] INFO  o.e.m.c.i.embedder.EclipseLogger - Using 'UTF-8' encoding to copy filtered properties files.
2021-08-29 23:24:00,838 [Worker-12: Building] INFO  o.e.m.c.i.embedder.EclipseLogger - skip non existing resourceDirectory D:\sts-4.11.0.RELEASE\springbootprojects\Advance web development assignment 2\springboot_backend\src\test\resources
2021-08-29 23:33:53,716 [Worker-20: Building] INFO  o.e.m.c.i.embedder.EclipseLogger - Using 'UTF-8' encoding to copy filtered resources.
2021-08-29 23:33:53,720 [Worker-20: Building] INFO  o.e.m.c.i.embedder.EclipseLogger - Using 'UTF-8' encoding to copy filtered properties files.
2021-08-29 23:33:53,722 [Worker-20: Building] INFO  o.e.m.c.i.embedder.EclipseLogger - Copying 1 resource
2021-08-29 23:33:53,878 [Worker-20: Building] INFO  o.e.m.c.i.embedder.EclipseLogger - Copying 0 resource
2021-08-29 23:33:53,896 [Worker-20: Building] INFO  o.e.m.c.i.embedder.EclipseLogger - Using 'UTF-8' encoding to copy filtered resources.
2021-08-29 23:33:53,897 [Worker-20: Building] INFO  o.e.m.c.i.embedder.EclipseLogger - Using 'UTF-8' encoding to copy filtered properties files.
2021-08-29 23:33:53,898 [Worker-20: Building] INFO  o.e.m.c.i.embedder.EclipseLogger - skip non existing resourceDirectory D:\sts-4.11.0.RELEASE\springbootprojects\Advance web development assignment 2\springboot_backend\src\test\resources
2021-08-29 23:36:12,232 [Worker-30: Building] INFO  o.e.m.c.i.embedder.EclipseLogger - Using 'UTF-8' encoding to copy filtered resources.
2021-08-29 23:36:12,233 [Worker-30: Building] INFO  o.e.m.c.i.embedder.EclipseLogger - Using 'UTF-8' encoding to copy filtered properties files.
2021-08-29 23:36:12,242 [Worker-30: Building] INFO  o.e.m.c.i.embedder.EclipseLogger - Copying 1 resource
2021-08-29 23:36:12,302 [Worker-30: Building] INFO  o.e.m.c.i.embedder.EclipseLogger - Copying 0 resource
2021-08-29 23:36:12,315 [Worker-30: Building] INFO  o.e.m.c.i.embedder.EclipseLogger - Using 'UTF-8' encoding to copy filtered resources.
2021-08-29 23:36:12,316 [Worker-30: Building] INFO  o.e.m.c.i.embedder.EclipseLogger - Using 'UTF-8' encoding to copy filtered properties files.
2021-08-29 23:36:12,317 [Worker-30: Building] INFO  o.e.m.c.i.embedder.EclipseLogger - skip non existing resourceDirectory D:\sts-4.11.0.RELEASE\springbootprojects\Advance web development assignment 2\springboot_backend\src\test\resources
2021-08-31 03:31:07,772 [Worker-0: Loading available Gradle versions] INFO  o.e.b.c.i.u.g.PublishedGradleVersions - Gradle version information cache is out-of-date. Trying to update.
2021-08-31 03:47:18,676 [Worker-12: Launching springboot_backend - DemoApplication] INFO  o.e.m.c.i.embedder.EclipseLogger - Using 'UTF-8' encoding to copy filtered resources.
2021-08-31 03:47:18,684 [Worker-12: Launching springboot_backend - DemoApplication] INFO  o.e.m.c.i.embedder.EclipseLogger - Using 'UTF-8' encoding to copy filtered properties files.
2021-08-31 03:47:18,705 [Worker-12: Launching springboot_backend - DemoApplication] INFO  o.e.m.c.i.embedder.EclipseLogger - Copying 1 resource
2021-08-31 03:47:18,866 [Worker-12: Launching springboot_backend - DemoApplication] INFO  o.e.m.c.i.embedder.EclipseLogger - Copying 0 resource
2021-08-31 03:47:18,888 [Worker-12: Launching springboot_backend - DemoApplication] INFO  o.e.m.c.i.embedder.EclipseLogger - Using 'UTF-8' encoding to copy filtered resources.
2021-08-31 03:47:18,889 [Worker-12: Launching springboot_backend - DemoApplication] INFO  o.e.m.c.i.embedder.EclipseLogger - Using 'UTF-8' encoding to copy filtered properties files.
2021-08-31 03:47:18,889 [Worker-12: Launching springboot_backend - DemoApplication] INFO  o.e.m.c.i.embedder.EclipseLogger - skip non existing resourceDirectory D:\sts-4.11.0.RELEASE\springbootprojects\Advance web development assignment 2\springboot_backend\src\test\resources
2021-08-31 04:42:39,369 [Worker-18: Launching springboot_backend - DemoApplication] INFO  o.e.m.c.i.embedder.EclipseLogger - Using 'UTF-8' encoding to copy filtered resources.
2021-08-31 04:42:39,369 [Worker-18: Launching springboot_backend - DemoApplication] INFO  o.e.m.c.i.embedder.EclipseLogger - Using 'UTF-8' encoding to copy filtered properties files.
2021-08-31 04:42:39,372 [Worker-18: Launching springboot_backend - DemoApplication] INFO  o.e.m.c.i.embedder.EclipseLogger - Copying 1 resource
2021-08-31 04:42:39,393 [Worker-18: Launching springboot_backend - DemoApplication] INFO  o.e.m.c.i.embedder.EclipseLogger - Copying 0 resource
2021-08-31 04:42:39,398 [Worker-18: Launching springboot_backend - DemoApplication] INFO  o.e.m.c.i.embedder.EclipseLogger - Using 'UTF-8' encoding to copy filtered resources.
2021-08-31 04:42:39,398 [Worker-18: Launching springboot_backend - DemoApplication] INFO  o.e.m.c.i.embedder.EclipseLogger - Using 'UTF-8' encoding to copy filtered properties files.
2021-08-31 04:42:39,399 [Worker-18: Launching springboot_backend - DemoApplication] INFO  o.e.m.c.i.embedder.EclipseLogger - skip non existing resourceDirectory D:\sts-4.11.0.RELEASE\springbootprojects\Advance web development assignment 2\springboot_backend\src\test\resources
2021-08-31 04:50:02,151 [Worker-28: Launching springboot_backend - DemoApplication] INFO  o.e.m.c.i.embedder.EclipseLogger - Using 'UTF-8' encoding to copy filtered resources.
2021-08-31 04:50:02,152 [Worker-28: Launching springboot_backend - DemoApplication] INFO  o.e.m.c.i.embedder.EclipseLogger - Using 'UTF-8' encoding to copy filtered properties files.
2021-08-31 04:50:02,163 [Worker-28: Launching springboot_backend - DemoApplication] INFO  o.e.m.c.i.embedder.EclipseLogger - Copying 1 resource
2021-08-31 04:50:02,264 [Worker-28: Launching springboot_backend - DemoApplication] INFO  o.e.m.c.i.embedder.EclipseLogger - Copying 0 resource
2021-08-31 04:50:02,286 [Worker-28: Launching springboot_backend - DemoApplication] INFO  o.e.m.c.i.embedder.EclipseLogger - Using 'UTF-8' encoding to copy filtered resources.
2021-08-31 04:50:02,287 [Worker-28: Launching springboot_backend - DemoApplication] INFO  o.e.m.c.i.embedder.EclipseLogger - Using 'UTF-8' encoding to copy filtered properties files.
2021-08-31 04:50:02,288 [Worker-28: Launching springboot_backend - DemoApplication] INFO  o.e.m.c.i.embedder.EclipseLogger - skip non existing resourceDirectory D:\sts-4.11.0.RELEASE\springbootprojects\Advance web development assignment 2\springboot_backend\src\test\resources
2021-09-01 06:30:07,879 [Worker-2: Loading available Gradle versions] INFO  o.e.b.c.i.u.g.PublishedGradleVersions - Gradle version information cache is out-of-date. Trying to update.
2021-09-01 06:41:07,880 [Worker-5: Launching springboot_backend - DemoApplication] INFO  o.e.m.c.i.embedder.EclipseLogger - Using 'UTF-8' encoding to copy filtered resources.
2021-09-01 06:41:07,881 [Worker-5: Launching springboot_backend - DemoApplication] INFO  o.e.m.c.i.embedder.EclipseLogger - Using 'UTF-8' encoding to copy filtered properties files.
2021-09-01 06:41:07,887 [Worker-5: Launching springboot_backend - DemoApplication] INFO  o.e.m.c.i.embedder.EclipseLogger - Copying 1 resource
2021-09-01 06:41:07,924 [Worker-5: Launching springboot_backend - DemoApplication] INFO  o.e.m.c.i.embedder.EclipseLogger - Copying 0 resource
2021-09-01 06:41:07,929 [Worker-5: Launching springboot_backend - DemoApplication] INFO  o.e.m.c.i.embedder.EclipseLogger - Using 'UTF-8' encoding to copy filtered resources.
2021-09-01 06:41:07,929 [Worker-5: Launching springboot_backend - DemoApplication] INFO  o.e.m.c.i.embedder.EclipseLogger - Using 'UTF-8' encoding to copy filtered properties files.
2021-09-01 06:41:07,929 [Worker-5: Launching springboot_backend - DemoApplication] INFO  o.e.m.c.i.embedder.EclipseLogger - skip non existing resourceDirectory D:\sts-4.11.0.RELEASE\springbootprojects\Advance web development assignment 2\springboot_backend\src\test\resources
2021-09-01 06:43:06,186 [Worker-8: Launching springboot_backend - DemoApplication] INFO  o.e.m.c.i.embedder.EclipseLogger - Using 'UTF-8' encoding to copy filtered resources.
2021-09-01 06:43:06,187 [Worker-8: Launching springboot_backend - DemoApplication] INFO  o.e.m.c.i.embedder.EclipseLogger - Using 'UTF-8' encoding to copy filtered properties files.
2021-09-01 06:43:06,213 [Worker-8: Launching springboot_backend - DemoApplication] INFO  o.e.m.c.i.embedder.EclipseLogger - Copying 1 resource
2021-09-01 06:43:06,313 [Worker-8: Launching springboot_backend - DemoApplication] INFO  o.e.m.c.i.embedder.EclipseLogger - Copying 0 resource
2021-09-01 06:43:06,330 [Worker-8: Launching springboot_backend - DemoApplication] INFO  o.e.m.c.i.embedder.EclipseLogger - Using 'UTF-8' encoding to copy filtered resources.
2021-09-01 06:43:06,331 [Worker-8: Launching springboot_backend - DemoApplication] INFO  o.e.m.c.i.embedder.EclipseLogger - Using 'UTF-8' encoding to copy filtered properties files.
2021-09-01 06:43:06,332 [Worker-8: Launching springboot_backend - DemoApplication] INFO  o.e.m.c.i.embedder.EclipseLogger - skip non existing resourceDirectory D:\sts-4.11.0.RELEASE\springbootprojects\Advance web development assignment 2\springboot_backend\src\test\resources
2021-09-01 07:08:35,196 [Worker-15: Launching springboot_backend - DemoApplication] INFO  o.e.m.c.i.embedder.EclipseLogger - Using 'UTF-8' encoding to copy filtered resources.
2021-09-01 07:08:35,201 [Worker-15: Launching springboot_backend - DemoApplication] INFO  o.e.m.c.i.embedder.EclipseLogger - Using 'UTF-8' encoding to copy filtered properties files.
2021-09-01 07:08:35,209 [Worker-15: Launching springboot_backend - DemoApplication] INFO  o.e.m.c.i.embedder.EclipseLogger - Copying 1 resource
2021-09-01 07:08:35,289 [Worker-15: Launching springboot_backend - DemoApplication] INFO  o.e.m.c.i.embedder.EclipseLogger - Copying 0 resource
2021-09-01 07:08:35,322 [Worker-15: Launching springboot_backend - DemoApplication] INFO  o.e.m.c.i.embedder.EclipseLogger - Using 'UTF-8' encoding to copy filtered resources.
2021-09-01 07:08:35,323 [Worker-15: Launching springboot_backend - DemoApplication] INFO  o.e.m.c.i.embedder.EclipseLogger - Using 'UTF-8' encoding to copy filtered properties files.
2021-09-01 07:08:35,324 [Worker-15: Launching springboot_backend - DemoApplication] INFO  o.e.m.c.i.embedder.EclipseLogger - skip non existing resourceDirectory D:\sts-4.11.0.RELEASE\springbootprojects\Advance web development assignment 2\springboot_backend\src\test\resources
2021-09-03 11:53:25,884 [Worker-1: Loading available Gradle versions] INFO  o.e.b.c.i.u.g.PublishedGradleVersions - Gradle version information cache is out-of-date. Trying to update.
2021-09-03 18:51:43,643 [Worker-24: Building] INFO  o.e.m.c.i.embedder.EclipseLogger - Using 'UTF-8' encoding to copy filtered resources.
2021-09-03 18:51:43,652 [Worker-24: Building] INFO  o.e.m.c.i.embedder.EclipseLogger - Using 'UTF-8' encoding to copy filtered properties files.
2021-09-03 18:51:43,672 [Worker-24: Building] INFO  o.e.m.c.i.embedder.EclipseLogger - Copying 1 resource
2021-09-03 18:51:43,786 [Worker-24: Building] INFO  o.e.m.c.i.embedder.EclipseLogger - Copying 0 resource
2021-09-03 18:51:43,801 [Worker-24: Building] INFO  o.e.m.c.i.embedder.EclipseLogger - Using 'UTF-8' encoding to copy filtered resources.
2021-09-03 18:51:43,802 [Worker-24: Building] INFO  o.e.m.c.i.embedder.EclipseLogger - Using 'UTF-8' encoding to copy filtered properties files.
2021-09-03 18:51:43,802 [Worker-24: Building] INFO  o.e.m.c.i.embedder.EclipseLogger - skip non existing resourceDirectory D:\sts-4.11.0.RELEASE\springbootprojects\Advance web development assignment 2\springboot_backend\src\test\resources
2021-09-03 19:30:58,180 [Worker-2: Loading available Gradle versions] INFO  o.e.b.c.i.u.g.PublishedGradleVersions - Gradle version information cache is up-to-date. Trying to read.
2021-09-03 19:35:09,423 [Worker-10: Launching springboot_backend - DemoApplication] INFO  o.e.m.c.i.embedder.EclipseLogger - Using 'UTF-8' encoding to copy filtered resources.
2021-09-03 19:35:09,429 [Worker-10: Launching springboot_backend - DemoApplication] INFO  o.e.m.c.i.embedder.EclipseLogger - Using 'UTF-8' encoding to copy filtered properties files.
2021-09-03 19:35:09,448 [Worker-10: Launching springboot_backend - DemoApplication] INFO  o.e.m.c.i.embedder.EclipseLogger - Copying 1 resource
2021-09-03 19:35:09,532 [Worker-10: Launching springboot_backend - DemoApplication] INFO  o.e.m.c.i.embedder.EclipseLogger - Copying 0 resource
2021-09-03 19:35:09,547 [Worker-10: Launching springboot_backend - DemoApplication] INFO  o.e.m.c.i.embedder.EclipseLogger - Using 'UTF-8' encoding to copy filtered resources.
2021-09-03 19:35:09,548 [Worker-10: Launching springboot_backend - DemoApplication] INFO  o.e.m.c.i.embedder.EclipseLogger - Using 'UTF-8' encoding to copy filtered properties files.
2021-09-03 19:35:09,549 [Worker-10: Launching springboot_backend - DemoApplication] INFO  o.e.m.c.i.embedder.EclipseLogger - skip non existing resourceDirectory D:\sts-4.11.0.RELEASE\springbootprojects\Advance web development assignment 2\springboot_backend\src\test\resources
